<?xml version="1.0" encoding="UTF-8"?>
<coverage generated="1589910876442" clover="3.2.0">
  <project timestamp="1589910876442" name="All files">
    <metrics statements="23" coveredstatements="17" conditionals="5" coveredconditionals="2" methods="9" coveredmethods="5" elements="37" coveredelements="24" complexity="0" loc="23" ncloc="23" packages="1" files="4" classes="4"/>
    <file name="App.js" path="/Users/sureshkumar/Documents/reactnative/temp/AwesomeProject/App.js">
      <metrics statements="3" coveredstatements="3" conditionals="2" coveredconditionals="1" methods="1" coveredmethods="1"/>
      <line num="27" count="1" type="stmt"/>
      <line num="28" count="1" type="stmt"/>
      <line num="75" count="1" type="stmt"/>
    </file>
    <file name="Client.ts" path="/Users/sureshkumar/Documents/reactnative/temp/AwesomeProject/Client.ts">
      <metrics statements="8" coveredstatements="7" conditionals="2" coveredconditionals="1" methods="2" coveredmethods="2"/>
      <line num="13" count="1" type="stmt"/>
      <line num="14" count="1" type="stmt"/>
      <line num="16" count="1" type="stmt"/>
      <line num="17" count="1" type="stmt"/>
      <line num="18" count="1" type="cond" truecount="1" falsecount="1"/>
      <line num="19" count="0" type="stmt"/>
      <line num="21" count="1" type="stmt"/>
      <line num="29" count="1" type="stmt"/>
    </file>
    <file name="requestInterceptor.ts" path="/Users/sureshkumar/Documents/reactnative/temp/AwesomeProject/requestInterceptor.ts">
      <metrics statements="7" coveredstatements="2" conditionals="1" coveredconditionals="0" methods="5" coveredmethods="1"/>
      <line num="10" count="1" type="stmt"/>
      <line num="13" count="0" type="stmt"/>
      <line num="17" count="0" type="stmt"/>
      <line num="18" count="0" type="stmt"/>
      <line num="21" count="1" type="cond" truecount="0" falsecount="1"/>
      <line num="22" count="0" type="stmt"/>
      <line num="24" count="0" type="stmt"/>
    </file>
    <file name="useFetchResource.ts" path="/Users/sureshkumar/Documents/reactnative/temp/AwesomeProject/useFetchResource.ts">
      <metrics statements="5" coveredstatements="5" conditionals="0" coveredconditionals="0" methods="1" coveredmethods="1"/>
      <line num="3" count="1" type="stmt"/>
      <line num="4" count="3" type="stmt"/>
      <line num="8" count="3" type="stmt"/>
      <line num="9" count="3" type="stmt"/>
      <line num="10" count="3" type="stmt"/>
    </file>
  </project>
</coverage>
