{"/Users/sureshkumar/Documents/reactnative/temp/AwesomeProject/App.js": {"path":"/Users/sureshkumar/Documents/reactnative/temp/AwesomeProject/App.js","statementMap":{"0":{"start":{"line":27,"column":30},"end":{"line":73,"column":1}},"1":{"start":{"line":28,"column":2},"end":{"line":72,"column":4}},"2":{"start":{"line":75,"column":15},"end":{"line":112,"column":2}}},"fnMap":{"0":{"name":"(anonymous_0)","decl":{"start":{"line":27,"column":30},"end":{"line":27,"column":31}},"loc":{"start":{"line":27,"column":36},"end":{"line":73,"column":1}},"line":27}},"branchMap":{"0":{"loc":{"start":{"line":36,"column":11},"end":{"line":40,"column":11}},"type":"cond-expr","locations":[{"start":{"line":36,"column":43},"end":{"line":36,"column":47}},{"start":{"line":37,"column":12},"end":{"line":39,"column":19}}],"line":36}},"s":{"0":1,"1":1,"2":1},"f":{"0":1},"b":{"0":[1,0]},"_coverageSchema":"1a1c01bbd47fc00a2c39e90264f33305004495a9","hash":"ed398e1cb9b4a4a6466464cbc019799190cde132"}
,"/Users/sureshkumar/Documents/reactnative/temp/AwesomeProject/Client.ts": {"path":"/Users/sureshkumar/Documents/reactnative/temp/AwesomeProject/Client.ts","statementMap":{"0":{"start":{"line":13,"column":31},"end":{"line":30,"column":1}},"1":{"start":{"line":14,"column":30},"end":{"line":28,"column":44}},"2":{"start":{"line":16,"column":23},"end":{"line":16,"column":44}},"3":{"start":{"line":17,"column":21},"end":{"line":17,"column":38}},"4":{"start":{"line":18,"column":6},"end":{"line":20,"column":7}},"5":{"start":{"line":19,"column":8},"end":{"line":19,"column":20}},"6":{"start":{"line":21,"column":6},"end":{"line":26,"column":8}},"7":{"start":{"line":29,"column":2},"end":{"line":29,"column":66}}},"fnMap":{"0":{"name":"(anonymous_0)","decl":{"start":{"line":13,"column":31},"end":{"line":13,"column":32}},"loc":{"start":{"line":13,"column":64},"end":{"line":30,"column":1}},"line":13},"1":{"name":"(anonymous_1)","decl":{"start":{"line":15,"column":9},"end":{"line":15,"column":10}},"loc":{"start":{"line":15,"column":17},"end":{"line":27,"column":5}},"line":15}},"branchMap":{"0":{"loc":{"start":{"line":18,"column":6},"end":{"line":20,"column":7}},"type":"if","locations":[{"start":{"line":18,"column":6},"end":{"line":20,"column":7}},{"start":{"line":18,"column":6},"end":{"line":20,"column":7}}],"line":18}},"s":{"0":1,"1":1,"2":1,"3":1,"4":1,"5":0,"6":1,"7":1},"f":{"0":1,"1":1},"b":{"0":[0,1]},"_coverageSchema":"1a1c01bbd47fc00a2c39e90264f33305004495a9","hash":"724087ff15b6165373265d311171a59cec5582fb"}
,"/Users/sureshkumar/Documents/reactnative/temp/AwesomeProject/requestInterceptor.ts": {"path":"/Users/sureshkumar/Documents/reactnative/temp/AwesomeProject/requestInterceptor.ts","statementMap":{"0":{"start":{"line":10,"column":26},"end":{"line":19,"column":1}},"1":{"start":{"line":10,"column":76},"end":{"line":19,"column":1}},"2":{"start":{"line":10,"column":82},"end":{"line":19,"column":1}},"3":{"start":{"line":13,"column":27},"end":{"line":16,"column":5}},"4":{"start":{"line":17,"column":4},"end":{"line":17,"column":97}},"5":{"start":{"line":18,"column":4},"end":{"line":18,"column":26}},"6":{"start":{"line":21,"column":20},"end":{"line":27,"column":1}},"7":{"start":{"line":22,"column":4},"end":{"line":26,"column":19}},"8":{"start":{"line":24,"column":12},"end":{"line":24,"column":83}}},"fnMap":{"0":{"name":"(anonymous_0)","decl":{"start":{"line":10,"column":26},"end":{"line":10,"column":27}},"loc":{"start":{"line":10,"column":76},"end":{"line":19,"column":1}},"line":10},"1":{"name":"(anonymous_1)","decl":{"start":{"line":10,"column":76},"end":{"line":10,"column":77}},"loc":{"start":{"line":10,"column":82},"end":{"line":19,"column":1}},"line":10},"2":{"name":"(anonymous_2)","decl":{"start":{"line":10,"column":82},"end":{"line":10,"column":83}},"loc":{"start":{"line":12,"column":5},"end":{"line":19,"column":1}},"line":12},"3":{"name":"(anonymous_3)","decl":{"start":{"line":21,"column":20},"end":{"line":21,"column":21}},"loc":{"start":{"line":21,"column":69},"end":{"line":27,"column":1}},"line":21},"4":{"name":"(anonymous_4)","decl":{"start":{"line":23,"column":13},"end":{"line":23,"column":14}},"loc":{"start":{"line":23,"column":20},"end":{"line":25,"column":9}},"line":23}},"branchMap":{"0":{"loc":{"start":{"line":21,"column":21},"end":{"line":21,"column":56}},"type":"default-arg","locations":[{"start":{"line":21,"column":54},"end":{"line":21,"column":56}}],"line":21}},"s":{"0":1,"1":1,"2":0,"3":0,"4":0,"5":0,"6":1,"7":0,"8":0},"f":{"0":1,"1":0,"2":0,"3":0,"4":0},"b":{"0":[0]},"_coverageSchema":"1a1c01bbd47fc00a2c39e90264f33305004495a9","hash":"aef9d31b3b28208ffb6124803012031b3f64ea4b"}
,"/Users/sureshkumar/Documents/reactnative/temp/AwesomeProject/useFetchResource.ts": {"path":"/Users/sureshkumar/Documents/reactnative/temp/AwesomeProject/useFetchResource.ts","statementMap":{"0":{"start":{"line":3,"column":32},"end":{"line":16,"column":1}},"1":{"start":{"line":4,"column":25},"end":{"line":7,"column":3}},"2":{"start":{"line":8,"column":47},"end":{"line":8,"column":63}},"3":{"start":{"line":9,"column":23},"end":{"line":9,"column":30}},"4":{"start":{"line":10,"column":2},"end":{"line":15,"column":4}}},"fnMap":{"0":{"name":"(anonymous_0)","decl":{"start":{"line":3,"column":32},"end":{"line":3,"column":33}},"loc":{"start":{"line":3,"column":43},"end":{"line":16,"column":1}},"line":3}},"branchMap":{},"s":{"0":1,"1":3,"2":3,"3":3,"4":3},"f":{"0":3},"b":{},"_coverageSchema":"1a1c01bbd47fc00a2c39e90264f33305004495a9","hash":"6d00a2e67068df195d466ec20f361a0a59cab3c1"}
}
